2019-07-11 14:34:34,491 INFO [com.vn.gasmanagement.GasManagementApplication] - Starting GasManagementApplication on MacBookPro-2.local with PID 2691 (/Users/ThanhLe/Documents/GasShopManager/gas-management/target/classes started by ThanhLe in /Users/ThanhLe/Documents/GasShopManager/gas-management)
2019-07-11 14:34:34,498 INFO [com.vn.gasmanagement.GasManagementApplication] - No active profile set, falling back to default profiles: default
2019-07-11 14:34:35,912 INFO [org.springframework.data.repository.config.RepositoryConfigurationDelegate] - Bootstrapping Spring Data repositories in DEFAULT mode.
2019-07-11 14:34:36,041 INFO [org.springframework.data.repository.config.RepositoryConfigurationDelegate] - Finished Spring Data repository scanning in 119ms. Found 13 repository interfaces.
2019-07-11 14:34:36,481 INFO [org.springframework.context.support.PostProcessorRegistrationDelegate$BeanPostProcessorChecker] - Bean 'org.springframework.transaction.annotation.ProxyTransactionManagementConfiguration' of type [org.springframework.transaction.annotation.ProxyTransactionManagementConfiguration$$EnhancerBySpringCGLIB$$e48af1e1] is not eligible for getting processed by all BeanPostProcessors (for example: not eligible for auto-proxying)
2019-07-11 14:34:36,758 INFO [org.springframework.boot.web.embedded.tomcat.TomcatWebServer] - Tomcat initialized with port(s): 8082 (http)
2019-07-11 14:34:36,775 INFO [org.apache.coyote.http11.Http11NioProtocol] - Initializing ProtocolHandler ["http-nio-8082"]
2019-07-11 14:34:36,783 INFO [org.apache.catalina.core.StandardService] - Starting service [Tomcat]
2019-07-11 14:34:36,784 INFO [org.apache.catalina.core.StandardEngine] - Starting Servlet engine: [Apache Tomcat/9.0.21]
2019-07-11 14:34:36,891 INFO [org.apache.catalina.core.ContainerBase.[Tomcat].[localhost].[/]] - Initializing Spring embedded WebApplicationContext
2019-07-11 14:34:36,891 INFO [org.springframework.web.context.ContextLoader] - Root WebApplicationContext: initialization completed in 2325 ms
2019-07-11 14:34:37,091 INFO [com.zaxxer.hikari.HikariDataSource] - HikariPool-1 - Starting...
2019-07-11 14:34:37,239 INFO [com.zaxxer.hikari.HikariDataSource] - HikariPool-1 - Start completed.
2019-07-11 14:34:37,411 INFO [org.hibernate.jpa.internal.util.LogHelper] - HHH000204: Processing PersistenceUnitInfo [
	name: default
	...]
2019-07-11 14:34:37,508 INFO [org.hibernate.Version] - HHH000412: Hibernate Core {5.3.10.Final}
2019-07-11 14:34:37,509 INFO [org.hibernate.cfg.Environment] - HHH000206: hibernate.properties not found
2019-07-11 14:34:37,726 INFO [org.hibernate.annotations.common.Version] - HCANN000001: Hibernate Commons Annotations {5.0.4.Final}
2019-07-11 14:34:37,881 INFO [org.hibernate.dialect.Dialect] - HHH000400: Using dialect: org.hibernate.dialect.MySQL5InnoDBDialect
2019-07-11 14:34:38,812 INFO [org.springframework.orm.jpa.LocalContainerEntityManagerFactoryBean] - Initialized JPA EntityManagerFactory for persistence unit 'default'
2019-07-11 14:34:39,497 INFO [org.springframework.security.web.DefaultSecurityFilterChain] - Creating filter chain: any request, [org.springframework.security.web.context.request.async.WebAsyncManagerIntegrationFilter@4522d793, org.springframework.security.web.context.SecurityContextPersistenceFilter@5ed25612, org.springframework.security.web.header.HeaderWriterFilter@44d43cc9, org.springframework.web.filter.CorsFilter@64dfb31d, org.springframework.security.web.authentication.logout.LogoutFilter@507049f2, org.springframework.security.web.authentication.UsernamePasswordAuthenticationFilter@6598caab, org.springframework.security.web.savedrequest.RequestCacheAwareFilter@56e5c8fb, org.springframework.security.web.servletapi.SecurityContextHolderAwareRequestFilter@2475fba3, org.springframework.security.web.authentication.AnonymousAuthenticationFilter@4438b862, org.springframework.security.web.session.SessionManagementFilter@656ec00d, org.springframework.security.web.access.ExceptionTranslationFilter@59e082f8, org.springframework.security.web.access.intercept.FilterSecurityInterceptor@56ec6960]
2019-07-11 14:34:39,791 INFO [org.springframework.scheduling.concurrent.ThreadPoolTaskExecutor] - Initializing ExecutorService 'applicationTaskExecutor'
2019-07-11 14:34:39,835 WARN [org.springframework.boot.autoconfigure.orm.jpa.JpaBaseConfiguration$JpaWebConfiguration$JpaWebMvcConfiguration] - spring.jpa.open-in-view is enabled by default. Therefore, database queries may be performed during view rendering. Explicitly configure spring.jpa.open-in-view to disable this warning
2019-07-11 14:34:39,949 INFO [org.springframework.boot.autoconfigure.web.servlet.WelcomePageHandlerMapping] - Adding welcome page template: index
2019-07-11 14:34:40,078 INFO [org.hibernate.hql.internal.QueryTranslatorFactoryInitiator] - HHH000397: Using ASTQueryTranslatorFactory
2019-07-11 14:34:40,177 DEBUG [org.hibernate.SQL] - select role0_.id as id1_12_, role0_.role_name as role_nam2_12_, role0_.xoa_flag as xoa_flag3_12_, role0_1_.account_id as account_0_1_ from role role0_ left outer join account_role role0_1_ on role0_.id=role0_1_.role_id where role0_.role_name=?
2019-07-11 14:34:40,204 DEBUG [org.hibernate.SQL] - select account0_.id as id1_0_0_, account0_.enable as enable2_0_0_, account0_.password as password3_0_0_, account0_.password_decode as password4_0_0_, account0_.username as username5_0_0_, account0_1_.role_id as role_id1_1_0_, role1_.id as id1_12_1_, role1_.role_name as role_nam2_12_1_, role1_.xoa_flag as xoa_flag3_12_1_, role1_1_.account_id as account_0_1_1_, account2_.id as id1_0_2_, account2_.enable as enable2_0_2_, account2_.password as password3_0_2_, account2_.password_decode as password4_0_2_, account2_.username as username5_0_2_, account2_1_.role_id as role_id1_1_2_ from account account0_ left outer join account_role account0_1_ on account0_.id=account0_1_.account_id left outer join role role1_ on account0_1_.role_id=role1_.id left outer join account_role role1_1_ on role1_.id=role1_1_.role_id left outer join account account2_ on role1_1_.account_id=account2_.id left outer join account_role account2_1_ on account2_.id=account2_1_.account_id where account0_.id=?
2019-07-11 14:34:40,216 DEBUG [org.hibernate.SQL] - select role0_.id as id1_12_, role0_.role_name as role_nam2_12_, role0_.xoa_flag as xoa_flag3_12_, role0_1_.account_id as account_0_1_ from role role0_ left outer join account_role role0_1_ on role0_.id=role0_1_.role_id where role0_.role_name=?
2019-07-11 14:34:40,217 DEBUG [org.hibernate.SQL] - select account0_.id as id1_0_0_, account0_.enable as enable2_0_0_, account0_.password as password3_0_0_, account0_.password_decode as password4_0_0_, account0_.username as username5_0_0_, account0_1_.role_id as role_id1_1_0_, role1_.id as id1_12_1_, role1_.role_name as role_nam2_12_1_, role1_.xoa_flag as xoa_flag3_12_1_, role1_1_.account_id as account_0_1_1_, account2_.id as id1_0_2_, account2_.enable as enable2_0_2_, account2_.password as password3_0_2_, account2_.password_decode as password4_0_2_, account2_.username as username5_0_2_, account2_1_.role_id as role_id1_1_2_ from account account0_ left outer join account_role account0_1_ on account0_.id=account0_1_.account_id left outer join role role1_ on account0_1_.role_id=role1_.id left outer join account_role role1_1_ on role1_.id=role1_1_.role_id left outer join account account2_ on role1_1_.account_id=account2_.id left outer join account_role account2_1_ on account2_.id=account2_1_.account_id where account0_.id=?
2019-07-11 14:34:40,221 DEBUG [org.hibernate.SQL] - select account0_.id as id1_0_, account0_.enable as enable2_0_, account0_.password as password3_0_, account0_.password_decode as password4_0_, account0_.username as username5_0_, account0_1_.role_id as role_id1_1_ from account account0_ left outer join account_role account0_1_ on account0_.id=account0_1_.account_id where account0_.username=?
2019-07-11 14:34:40,223 DEBUG [org.hibernate.SQL] - select role0_.id as id1_12_0_, role0_.role_name as role_nam2_12_0_, role0_.xoa_flag as xoa_flag3_12_0_, role0_1_.account_id as account_0_1_0_, account1_.id as id1_0_1_, account1_.enable as enable2_0_1_, account1_.password as password3_0_1_, account1_.password_decode as password4_0_1_, account1_.username as username5_0_1_, account1_1_.role_id as role_id1_1_1_, role2_.id as id1_12_2_, role2_.role_name as role_nam2_12_2_, role2_.xoa_flag as xoa_flag3_12_2_, role2_1_.account_id as account_0_1_2_ from role role0_ left outer join account_role role0_1_ on role0_.id=role0_1_.role_id left outer join account account1_ on role0_1_.account_id=account1_.id left outer join account_role account1_1_ on account1_.id=account1_1_.account_id left outer join role role2_ on account1_1_.role_id=role2_.id left outer join account_role role2_1_ on role2_.id=role2_1_.role_id where role0_.id=?
2019-07-11 14:34:40,225 DEBUG [org.hibernate.SQL] - select account0_.id as id1_0_, account0_.enable as enable2_0_, account0_.password as password3_0_, account0_.password_decode as password4_0_, account0_.username as username5_0_, account0_1_.role_id as role_id1_1_ from account account0_ left outer join account_role account0_1_ on account0_.id=account0_1_.account_id where account0_.username=?
2019-07-11 14:34:40,226 DEBUG [org.hibernate.SQL] - select role0_.id as id1_12_0_, role0_.role_name as role_nam2_12_0_, role0_.xoa_flag as xoa_flag3_12_0_, role0_1_.account_id as account_0_1_0_, account1_.id as id1_0_1_, account1_.enable as enable2_0_1_, account1_.password as password3_0_1_, account1_.password_decode as password4_0_1_, account1_.username as username5_0_1_, account1_1_.role_id as role_id1_1_1_, role2_.id as id1_12_2_, role2_.role_name as role_nam2_12_2_, role2_.xoa_flag as xoa_flag3_12_2_, role2_1_.account_id as account_0_1_2_ from role role0_ left outer join account_role role0_1_ on role0_.id=role0_1_.role_id left outer join account account1_ on role0_1_.account_id=account1_.id left outer join account_role account1_1_ on account1_.id=account1_1_.account_id left outer join role role2_ on account1_1_.role_id=role2_.id left outer join account_role role2_1_ on role2_.id=role2_1_.role_id where role0_.id=?
2019-07-11 14:34:40,231 INFO [org.apache.coyote.http11.Http11NioProtocol] - Starting ProtocolHandler ["http-nio-8082"]
2019-07-11 14:34:40,267 INFO [org.springframework.boot.web.embedded.tomcat.TomcatWebServer] - Tomcat started on port(s): 8082 (http) with context path ''
2019-07-11 14:34:40,270 INFO [com.vn.gasmanagement.GasManagementApplication] - Started GasManagementApplication in 6.339 seconds (JVM running for 7.52)
2019-07-11 14:36:04,422 INFO [org.apache.catalina.core.ContainerBase.[Tomcat].[localhost].[/]] - Initializing Spring DispatcherServlet 'dispatcherServlet'
2019-07-11 14:36:04,423 INFO [org.springframework.web.servlet.DispatcherServlet] - Initializing Servlet 'dispatcherServlet'
2019-07-11 14:36:04,433 INFO [org.springframework.web.servlet.DispatcherServlet] - Completed initialization in 10 ms
2019-07-11 14:36:23,379 INFO [org.springframework.scheduling.concurrent.ThreadPoolTaskExecutor] - Shutting down ExecutorService 'applicationTaskExecutor'
2019-07-11 14:36:23,385 INFO [org.springframework.orm.jpa.LocalContainerEntityManagerFactoryBean] - Closing JPA EntityManagerFactory for persistence unit 'default'
2019-07-11 14:36:23,393 INFO [com.zaxxer.hikari.HikariDataSource] - HikariPool-1 - Shutdown initiated...
2019-07-11 14:36:23,401 INFO [com.zaxxer.hikari.HikariDataSource] - HikariPool-1 - Shutdown completed.
